<?xml version="1.0" encoding="UTF-8"?>
<testng-results skipped="0" failed="0" ignored="0" total="3" passed="3">
  <reporter-output>
  </reporter-output>
  <suite name="S1" duration-ms="47" started-at="2017-05-18T10:23:56Z" finished-at="2017-05-18T10:23:56Z">
    <groups>
    </groups>
    <test name="T1" duration-ms="19" started-at="2017-05-18T10:23:56Z" finished-at="2017-05-18T10:23:56Z">
      <class name="TestngAnnotation">
        <test-method status="PASS" signature="beforeTest()[pri:0, instance:TestngAnnotation@2b98378d]" name="beforeTest" is-config="true" duration-ms="0" started-at="2017-05-18T16:23:56Z" finished-at="2017-05-18T16:23:56Z">
          <reporter-output>
          </reporter-output>
        </test-method> <!-- beforeTest -->
        <test-method status="PASS" signature="beforeClass()[pri:0, instance:TestngAnnotation@2b98378d]" name="beforeClass" is-config="true" duration-ms="0" started-at="2017-05-18T16:23:56Z" finished-at="2017-05-18T16:23:56Z">
          <reporter-output>
          </reporter-output>
        </test-method> <!-- beforeClass -->
        <test-method status="PASS" signature="beforeMethod()[pri:0, instance:TestngAnnotation@2b98378d]" name="beforeMethod" is-config="true" duration-ms="0" started-at="2017-05-18T16:23:56Z" finished-at="2017-05-18T16:23:56Z">
          <reporter-output>
          </reporter-output>
        </test-method> <!-- beforeMethod -->
        <test-method status="PASS" signature="testCase1()[pri:0, instance:TestngAnnotation@2b98378d]" name="testCase1" duration-ms="3" started-at="2017-05-18T16:23:56Z" finished-at="2017-05-18T16:23:56Z">
          <reporter-output>
          </reporter-output>
        </test-method> <!-- testCase1 -->
        <test-method status="PASS" signature="afterMethod()[pri:0, instance:TestngAnnotation@2b98378d]" name="afterMethod" is-config="true" duration-ms="1" started-at="2017-05-18T16:23:56Z" finished-at="2017-05-18T16:23:56Z">
          <reporter-output>
          </reporter-output>
        </test-method> <!-- afterMethod -->
        <test-method status="PASS" signature="testCase2()[pri:0, instance:TestngAnnotation@2b98378d]" name="testCase2" duration-ms="1" started-at="2017-05-18T16:23:56Z" finished-at="2017-05-18T16:23:56Z">
          <reporter-output>
          </reporter-output>
        </test-method> <!-- testCase2 -->
        <test-method status="PASS" signature="beforeMethod()[pri:0, instance:TestngAnnotation@2b98378d]" name="beforeMethod" is-config="true" duration-ms="0" started-at="2017-05-18T16:23:56Z" finished-at="2017-05-18T16:23:56Z">
          <reporter-output>
          </reporter-output>
        </test-method> <!-- beforeMethod -->
        <test-method status="PASS" signature="afterMethod()[pri:0, instance:TestngAnnotation@2b98378d]" name="afterMethod" is-config="true" duration-ms="0" started-at="2017-05-18T16:23:56Z" finished-at="2017-05-18T16:23:56Z">
          <reporter-output>
          </reporter-output>
        </test-method> <!-- afterMethod -->
        <test-method status="PASS" signature="afterClass()[pri:0, instance:TestngAnnotation@2b98378d]" name="afterClass" is-config="true" duration-ms="0" started-at="2017-05-18T16:23:56Z" finished-at="2017-05-18T16:23:56Z">
          <reporter-output>
          </reporter-output>
        </test-method> <!-- afterClass -->
        <test-method status="PASS" signature="afterTest()[pri:0, instance:TestngAnnotation@2b98378d]" name="afterTest" is-config="true" duration-ms="1" started-at="2017-05-18T16:23:56Z" finished-at="2017-05-18T16:23:56Z">
          <reporter-output>
          </reporter-output>
        </test-method> <!-- afterTest -->
      </class> <!-- TestngAnnotation -->
    </test> <!-- T1 -->
    <test name="Sample test" duration-ms="3" started-at="2017-05-18T10:23:56Z" finished-at="2017-05-18T10:23:56Z">
      <class name="TestngAnnotation">
        <test-method status="PASS" signature="beforeSuite()[pri:0, instance:TestngAnnotation@2b98378d]" name="beforeSuite" is-config="true" duration-ms="6" started-at="2017-05-18T16:23:56Z" finished-at="2017-05-18T16:23:56Z">
          <reporter-output>
          </reporter-output>
        </test-method> <!-- beforeSuite -->
        <test-method status="PASS" signature="afterSuite()[pri:0, instance:TestngAnnotation@2b98378d]" name="afterSuite" is-config="true" duration-ms="1" started-at="2017-05-18T16:23:56Z" finished-at="2017-05-18T16:23:56Z">
          <reporter-output>
          </reporter-output>
        </test-method> <!-- afterSuite -->
      </class> <!-- TestngAnnotation -->
      <class name="SampleTest">
        <test-method status="PASS" signature="testPrintMessage()[pri:0, instance:SampleTest@91161c7]" name="testPrintMessage" duration-ms="2" started-at="2017-05-18T16:23:56Z" finished-at="2017-05-18T16:23:56Z">
          <reporter-output>
          </reporter-output>
        </test-method> <!-- testPrintMessage -->
      </class> <!-- SampleTest -->
    </test> <!-- Sample test -->
  </suite> <!-- S1 -->
</testng-results>
